[debug] [2022-03-08T20:11:01.190Z] ----------------------------------------------------------------------
[debug] [2022-03-08T20:11:01.191Z] Command:       C:\Program Files\nodejs\node.exe C:\Users\ahmet\AppData\Roaming\npm\node_modules\firebase-tools\lib\bin\firebase.js init
[debug] [2022-03-08T20:11:01.192Z] CLI Version:   10.2.2
[debug] [2022-03-08T20:11:01.192Z] Platform:      win32
[debug] [2022-03-08T20:11:01.192Z] Node Version:  v16.13.2
[debug] [2022-03-08T20:11:01.193Z] Time:          Tue Mar 08 2022 23:11:01 GMT+0300 (GMT+03:00)
[debug] [2022-03-08T20:11:01.193Z] ----------------------------------------------------------------------
[debug] 
[debug] [2022-03-08T20:11:01.199Z] > command requires scopes: ["email","openid","https://www.googleapis.com/auth/cloudplatformprojects.readonly","https://www.googleapis.com/auth/firebase","https://www.googleapis.com/auth/cloud-platform"]
[debug] [2022-03-08T20:11:01.199Z] > authorizing via signed-in user (oguzhanmonun@gmail.com)
[info] 
     ######## #### ########  ######## ########     ###     ######  ########
     ##        ##  ##     ## ##       ##     ##  ##   ##  ##       ##
     ######    ##  ########  ######   ########  #########  ######  ######
     ##        ##  ##    ##  ##       ##     ## ##     ##       ## ##
     ##       #### ##     ## ######## ########  ##     ##  ######  ########

You're about to initialize a Firebase project in this directory:

  C:\Users\ahmet\Masa端st端\todo-app

[info] 
=== Project Setup
[info] 
[info] First, let's associate this project directory with a Firebase project.
[info] You can create multiple project aliases by running firebase use --add, 
[info] but for now we'll just set up a default project.
[info] 
[debug] [2022-03-08T20:11:06.272Z] >>> [apiv2][query] GET https://firebase.googleapis.com/v1beta1/projects pageSize=100
[debug] [2022-03-08T20:11:07.030Z] <<< [apiv2][status] GET https://firebase.googleapis.com/v1beta1/projects 200
[debug] [2022-03-08T20:11:07.030Z] <<< [apiv2][body] GET https://firebase.googleapis.com/v1beta1/projects [omitted]
[info] i  Using project todo-app-akm-e8d6a (todo-app-akm) 
[info] 
=== Hosting Setup
[info] 
[info] Your public directory is the folder (relative to your project directory) that
[info] will contain Hosting assets to be uploaded with firebase deploy. If you
[info] have a build process for your assets, use your build's output directory.
[info] 
[debug] [2022-03-08T20:11:51.721Z] >>> [apiv2][query] GET https://www.gstatic.com/firebasejs/releases.json [none]
[debug] [2022-03-08T20:11:52.014Z] <<< [apiv2][status] GET https://www.gstatic.com/firebasejs/releases.json 200
[debug] [2022-03-08T20:11:52.015Z] <<< [apiv2][body] GET https://www.gstatic.com/firebasejs/releases.json {"current":{"version":"9.6.8","browserURL":"https://www.gstatic.com/firebasejs/9.6.8/firebase.js","packageURL":"https://www.gstatic.com/firebasejs/9.6.8/firebase.tgz"},"live":{"version":"9.6","browserURL":"https://www.gstatic.com/firebasejs/live/9.6/firebase.js","packageURL":"https://www.gstatic.com/firebasejs/live/9.6/firebase.tgz"},"components":{"analytics":"https://www.gstatic.com/firebasejs/9.6.8/firebase-analytics.js","app":"https://www.gstatic.com/firebasejs/9.6.8/firebase-app.js","app-check":"https://www.gstatic.com/firebasejs/9.6.8/firebase-app-check.js","auth":"https://www.gstatic.com/firebasejs/9.6.8/firebase-auth.js","auth/cordova":"https://www.gstatic.com/firebasejs/9.6.8/firebase-auth/cordova.js","auth/react-native":"https://www.gstatic.com/firebasejs/9.6.8/firebase-auth/react-native.js","functions":"https://www.gstatic.com/firebasejs/9.6.8/firebase-functions.js","firestore":"https://www.gstatic.com/firebasejs/9.6.8/firebase-firestore.js","firestore/lite":"https://www.gstatic.com/firebasejs/9.6.8/firebase-firestore/lite.js","storage":"https://www.gstatic.com/firebasejs/9.6.8/firebase-storage.js","performance":"https://www.gstatic.com/firebasejs/9.6.8/firebase-performance.js","remote-config":"https://www.gstatic.com/firebasejs/9.6.8/firebase-remote-config.js","messaging":"https://www.gstatic.com/firebasejs/9.6.8/firebase-messaging.js","messaging/sw":"https://www.gstatic.com/firebasejs/9.6.8/firebase-messaging/sw.js","database":"https://www.gstatic.com/firebasejs/9.6.8/firebase-database.js","firestore.memory":"https://www.gstatic.com/firebasejs/9.6.8/firebase-firestore.memory.js"}}
[info] +  Wrote build /index.html 
[info] 
[info] i  Detected a .git folder at C:\Users\ahmet\Masa端st端\todo-app 
[info] i  Authorizing with GitHub to upload your service account to a GitHub repository's secrets store. 
[info] 
[info] Visit this URL on this device to log in:
[info] https://github.com/login/oauth/authorize?client_id=89cf50f02ac6aaed3484&state=659464106&redirect_uri=http%3A%2F%2Flocalhost%3A9005&scope=read%3Auser%20repo%20public_repo
[info] 
[info] Waiting for authentication...
[debug] [2022-03-08T20:11:52.866Z] >>> HTTP REQUEST POST https://github.com/login/oauth/access_token  
 {"client_id":"89cf50f02ac6aaed3484","client_secret":"3330d14abc895d9a74d5f17cd7a00711fa2c5bf0","code":"d3913f15ec568e3520de","redirect_uri":"http://localhost:9005","state":"659464106"}
[debug] [2022-03-08T20:11:53.260Z] <<< HTTP RESPONSE 200 {"server":"GitHub.com","date":"Tue, 08 Mar 2022 20:11:51 GMT","content-type":"application/json; charset=utf-8","transfer-encoding":"chunked","vary":"X-PJAX, X-PJAX-Container, Accept-Encoding, Accept, X-Requested-With","permissions-policy":"interest-cohort=()","etag":"W/\"8e2159c6377c15153e68eb37d0c0e365\"","cache-control":"max-age=0, private, must-revalidate","strict-transport-security":"max-age=31536000; includeSubdomains; preload","x-frame-options":"deny","x-content-type-options":"nosniff","x-xss-protection":"0","referrer-policy":"origin-when-cross-origin, strict-origin-when-cross-origin","expect-ct":"max-age=2592000, report-uri=\"https://api.github.com/_private/browser/errors\"","content-security-policy":"default-src 'none'; base-uri 'self'; block-all-mixed-content; child-src github.com/assets-cdn/worker/ gist.github.com/assets-cdn/worker/; connect-src 'self' uploads.github.com objects-origin.githubusercontent.com www.githubstatus.com collector.githubapp.com collector.github.com api.github.com github-cloud.s3.amazonaws.com github-production-repository-file-5c1aeb.s3.amazonaws.com github-production-upload-manifest-file-7fdce7.s3.amazonaws.com github-production-user-asset-6210df.s3.amazonaws.com cdn.optimizely.com logx.optimizely.com/v1/events translator.github.com wss://alive.github.com; font-src github.githubassets.com; form-action 'self' github.com gist.github.com objects-origin.githubusercontent.com; frame-ancestors 'none'; frame-src render.githubusercontent.com viewscreen.githubusercontent.com notebooks.githubusercontent.com; img-src 'self' data: github.githubassets.com identicons.github.com collector.githubapp.com collector.github.com github-cloud.s3.amazonaws.com secured-user-images.githubusercontent.com/ *.githubusercontent.com; manifest-src 'self'; media-src github.com user-images.githubusercontent.com/; script-src github.githubassets.com; style-src 'unsafe-inline' github.githubassets.com; worker-src github.com/assets-cdn/worker/ gist.github.com/assets-cdn/worker/","x-github-request-id":"D851:A2CA:36B1A3A:3978063:6227B887"}
[debug] [2022-03-08T20:11:53.266Z] >>> [apiv2][query] GET https://api.github.com/user [none]
[debug] [2022-03-08T20:11:53.708Z] <<< [apiv2][status] GET https://api.github.com/user 200
[debug] [2022-03-08T20:11:53.708Z] <<< [apiv2][body] GET https://api.github.com/user {"login":"ahmetkaanmonun","id":68185694,"node_id":"MDQ6VXNlcjY4MTg1Njk0","avatar_url":"https://avatars.githubusercontent.com/u/68185694?v=4","gravatar_id":"","url":"https://api.github.com/users/ahmetkaanmonun","html_url":"https://github.com/ahmetkaanmonun","followers_url":"https://api.github.com/users/ahmetkaanmonun/followers","following_url":"https://api.github.com/users/ahmetkaanmonun/following{/other_user}","gists_url":"https://api.github.com/users/ahmetkaanmonun/gists{/gist_id}","starred_url":"https://api.github.com/users/ahmetkaanmonun/starred{/owner}{/repo}","subscriptions_url":"https://api.github.com/users/ahmetkaanmonun/subscriptions","organizations_url":"https://api.github.com/users/ahmetkaanmonun/orgs","repos_url":"https://api.github.com/users/ahmetkaanmonun/repos","events_url":"https://api.github.com/users/ahmetkaanmonun/events{/privacy}","received_events_url":"https://api.github.com/users/ahmetkaanmonun/received_events","type":"User","site_admin":false,"name":"Kaan Monun","company":null,"blog":"","location":null,"email":null,"hireable":null,"bio":null,"twitter_username":null,"public_repos":47,"public_gists":0,"followers":45,"following":31,"created_at":"2020-07-12T10:39:28Z","updated_at":"2022-03-02T22:18:52Z","private_gists":0,"total_private_repos":0,"owned_private_repos":0,"disk_usage":22966,"collaborators":0,"two_factor_authentication":false,"plan":{"name":"free","space":976562499,"collaborators":0,"private_repos":10000}}
[info] 
[info] +  Success! Logged into GitHub as ahmetkaanmonun 
[info] 
